<?xml version="1.0" encoding="UTF-8"?>
<!-- Generated by org.testng.reporters.JUnitReportReporter -->
<testsuite hostname="DESKTOP-FETVBI7" failures="0" tests="5" name="testNG.Using_EnabledFlagTest" time="0.044" errors="0" timestamp="2025-04-09T17:56:44 IST" skipped="1">
  <testcase classname="testNG.Using_EnabledFlagTest" name="loginTest" time="0.022">
    <system-out>
      <![CDATA[EF_logged in]]>
    </system-out>
  </testcase> <!-- loginTest -->
  <testcase classname="testNG.Using_EnabledFlagTest" name="createTest" time="0.007">
    <system-out>
      <![CDATA[EF_Created]]>
    </system-out>
  </testcase> <!-- createTest -->
  <testcase classname="testNG.Using_EnabledFlagTest" name="createTest" time="0.007">
    <system-out>
      <![CDATA[EF_Created]]>
    </system-out>
  </testcase> <!-- createTest -->
  <testcase classname="testNG.Using_EnabledFlagTest" name="createTest" time="0.008">
    <system-out>
      <![CDATA[EF_Created]]>
    </system-out>
  </testcase> <!-- createTest -->
  <testcase classname="testNG.Using_EnabledFlagTest" name="registerTest">
    <skipped/>
  </testcase> <!-- registerTest -->
  <system-out>
    <![CDATA[PT_IC_Registered
REGISTER : SUCCESS
Registered
dom_register
dom_Login
TPS_create
TPS_create
TPS_create
TPS_Login
TPS_register
dom_create
LOGIN : SUCCESS
logged in
CREATE : SUCCESS
created
EF_logged in
PT_IC_logged in
EF_Created
EF_Created
EF_Created
PT_IC_Created
PT_IC_Created
PT_IC_Created]]>
  </system-out>
</testsuite> <!-- testNG.Using_EnabledFlagTest -->
