<?xml version="1.0" encoding="UTF-8"?>
<!-- Generated by org.testng.reporters.JUnitReportReporter -->
<testsuite hostname="DESKTOP-FETVBI7" failures="0" tests="2" name="testNG.LaunchSwiggy" time="55.813" errors="0" timestamp="2025-04-12T22:26:10 IST" skipped="0">
  <testcase classname="testNG.LaunchSwiggy" name="Swiggy" time="37.208"/>
  <testcase classname="testNG.LaunchSwiggy" name="swiggyTitleCheck" time="18.605"/>
</testsuite> <!-- testNG.LaunchSwiggy -->
