<?xml version="1.0" encoding="UTF-8"?>
<!-- Generated by org.testng.reporters.JUnitReportReporter -->
<testsuite hostname="DESKTOP-FETVBI7" failures="0" tests="1" name="annotations_Utility.ConfigurationAnnotations" time="0.032" errors="0" timestamp="2025-04-10T12:54:51 IST" skipped="0">
  <testcase classname="annotations_Utility.ConfigurationAnnotations" name="demo" time="0.032"/>
</testsuite> <!-- annotations_Utility.ConfigurationAnnotations -->
