<?xml version="1.0" encoding="UTF-8"?>
<!-- Generated by org.testng.reporters.JUnitReportReporter -->
<testsuite hostname="DESKTOP-FETVBI7" failures="0" tests="1" name="annotations.ConfigurationAnnotations" time="0.048" errors="0" timestamp="2025-04-11T15:29:23 IST" skipped="0">
  <testcase classname="annotations.ConfigurationAnnotations" name="demo" time="0.048"/>
</testsuite> <!-- annotations.ConfigurationAnnotations -->
