<?xml version="1.0" encoding="UTF-8"?>
<!-- Generated by org.testng.reporters.JUnitReportReporter -->
<testsuite hostname="DESKTOP-FETVBI7" failures="0" tests="1" name="task.TestngFBNavigation" time="18.273" errors="0" timestamp="2025-04-13T20:11:21 IST" skipped="0">
  <testcase classname="task.TestngFBNavigation" name="launchFB" time="18.273"/>
</testsuite> <!-- task.TestngFBNavigation -->
