<?xml version="1.0" encoding="UTF-8"?>
<!-- Generated by org.testng.reporters.JUnitReportReporter -->
<testsuite hostname="DESKTOP-FETVBI7" failures="0" tests="1" name="task.TestngFlipkartNavigation" time="36.292" errors="0" timestamp="2025-04-13T20:11:21 IST" skipped="0">
  <testcase classname="task.TestngFlipkartNavigation" name="launchFlipkart" time="36.292"/>
</testsuite> <!-- task.TestngFlipkartNavigation -->
