<?xml version="1.0" encoding="UTF-8"?>
<!-- Generated by org.testng.reporters.JUnitReportReporter -->
<testsuite hostname="DESKTOP-FETVBI7" failures="0" tests="5" name="testNG.Using_ThreadPoolSize" time="0.100" errors="0" timestamp="2025-04-09T17:56:44 IST" skipped="0">
  <testcase classname="testNG.Using_ThreadPoolSize" name="login" time="0.006">
    <system-out>
      <![CDATA[TPS_Login]]>
    </system-out>
  </testcase> <!-- login -->
  <testcase classname="testNG.Using_ThreadPoolSize" name="create" time="0.021">
    <system-out>
      <![CDATA[TPS_create]]>
    </system-out>
  </testcase> <!-- create -->
  <testcase classname="testNG.Using_ThreadPoolSize" name="create" time="0.015">
    <system-out>
      <![CDATA[TPS_create]]>
    </system-out>
  </testcase> <!-- create -->
  <testcase classname="testNG.Using_ThreadPoolSize" name="register" time="0.026">
    <system-out>
      <![CDATA[TPS_register]]>
    </system-out>
  </testcase> <!-- register -->
  <testcase classname="testNG.Using_ThreadPoolSize" name="create" time="0.032">
    <system-out>
      <![CDATA[TPS_create]]>
    </system-out>
  </testcase> <!-- create -->
  <system-out>
    <![CDATA[PT_IC_Registered
REGISTER : SUCCESS
Registered
dom_register
dom_Login
TPS_create
TPS_create
TPS_create
TPS_Login
TPS_register
dom_create
LOGIN : SUCCESS
logged in
CREATE : SUCCESS
created
EF_logged in
PT_IC_logged in
EF_Created
EF_Created
EF_Created
PT_IC_Created
PT_IC_Created
PT_IC_Created]]>
  </system-out>
</testsuite> <!-- testNG.Using_ThreadPoolSize -->
