<?xml version="1.0" encoding="UTF-8"?>
<!-- Generated by org.testng.reporters.JUnitReportReporter -->
<testsuite hostname="DESKTOP-FETVBI7" failures="0" tests="2" name="task.TestngSwiggyNavigation" time="440.541" errors="0" timestamp="2025-04-13T20:03:20 IST" skipped="0">
  <testcase classname="task.TestngSwiggyNavigation" name="launchSwiggy" time="224.358"/>
  <testcase classname="task.TestngSwiggyNavigation" name="launchSwiggy" time="216.183"/>
</testsuite> <!-- task.TestngSwiggyNavigation -->
