<?xml version="1.0" encoding="UTF-8"?>
<!-- Generated by org.testng.reporters.JUnitReportReporter -->
<testsuite hostname="DESKTOP-FETVBI7" failures="0" tests="5" name="testNG.Using_InvocationCount_PriorityTest" time="0.091" errors="0" timestamp="2025-04-09T17:56:44 IST" skipped="0">
  <testcase classname="testNG.Using_InvocationCount_PriorityTest" name="registerTest" time="0.052">
    <system-out>
      <![CDATA[PT_IC_Registered]]>
    </system-out>
  </testcase> <!-- registerTest -->
  <testcase classname="testNG.Using_InvocationCount_PriorityTest" name="loginTest" time="0.007">
    <system-out>
      <![CDATA[PT_IC_logged in]]>
    </system-out>
  </testcase> <!-- loginTest -->
  <testcase classname="testNG.Using_InvocationCount_PriorityTest" name="createTest" time="0.003">
    <system-out>
      <![CDATA[PT_IC_Created]]>
    </system-out>
  </testcase> <!-- createTest -->
  <testcase classname="testNG.Using_InvocationCount_PriorityTest" name="createTest" time="0.006">
    <system-out>
      <![CDATA[PT_IC_Created]]>
    </system-out>
  </testcase> <!-- createTest -->
  <testcase classname="testNG.Using_InvocationCount_PriorityTest" name="createTest" time="0.023">
    <system-out>
      <![CDATA[PT_IC_Created]]>
    </system-out>
  </testcase> <!-- createTest -->
  <system-out>
    <![CDATA[PT_IC_Registered
REGISTER : SUCCESS
Registered
dom_register
dom_Login
TPS_create
TPS_create
TPS_create
TPS_Login
TPS_register
dom_create
LOGIN : SUCCESS
logged in
CREATE : SUCCESS
created
EF_logged in
PT_IC_logged in
EF_Created
EF_Created
EF_Created
PT_IC_Created
PT_IC_Created
PT_IC_Created]]>
  </system-out>
</testsuite> <!-- testNG.Using_InvocationCount_PriorityTest -->
