<?xml version="1.0" encoding="UTF-8"?>
<!-- Generated by org.testng.reporters.JUnitReportReporter -->
<testsuite hostname="DESKTOP-FETVBI7" failures="0" tests="3" name="testNG.Using_HelperAttributesTest" time="0.102" errors="0" timestamp="2025-04-09T17:56:44 IST" skipped="0">
  <testcase classname="testNG.Using_HelperAttributesTest" name="registerTest" time="0.053">
    <system-out>
      <![CDATA[REGISTER : SUCCESS
Registered]]>
    </system-out>
  </testcase> <!-- registerTest -->
  <testcase classname="testNG.Using_HelperAttributesTest" name="loginTest" time="0.014">
    <system-out>
      <![CDATA[LOGIN : SUCCESS
logged in]]>
    </system-out>
  </testcase> <!-- loginTest -->
  <testcase classname="testNG.Using_HelperAttributesTest" name="createTest" time="0.035">
    <system-out>
      <![CDATA[CREATE : SUCCESS
created]]>
    </system-out>
  </testcase> <!-- createTest -->
  <system-out>
    <![CDATA[PT_IC_Registered
REGISTER : SUCCESS
Registered
dom_register
dom_Login
TPS_create
TPS_create
TPS_create
TPS_Login
TPS_register
dom_create
LOGIN : SUCCESS
logged in
CREATE : SUCCESS
created
EF_logged in
PT_IC_logged in
EF_Created
EF_Created
EF_Created
PT_IC_Created
PT_IC_Created
PT_IC_Created]]>
  </system-out>
</testsuite> <!-- testNG.Using_HelperAttributesTest -->
