<?xml version="1.0" encoding="UTF-8"?>
<!-- Generated by org.testng.reporters.JUnitReportReporter -->
<testsuite hostname="DESKTOP-FETVBI7" failures="0" tests="2" name="data_providers.Using_dataProvidersAnnotation" time="0.080" errors="0" timestamp="2025-04-11T11:37:39 IST" skipped="0">
  <testcase classname="data_providers.Using_dataProvidersAnnotation" name="login" time="0.014"/>
  <testcase classname="data_providers.Using_dataProvidersAnnotation" name="login" time="0.066"/>
</testsuite> <!-- data_providers.Using_dataProvidersAnnotation -->
